2024-11-11 02:34:59,404 - INFO - Запуск основного скрипта для управления торговыми процессами...
2024-11-11 02:34:59,406 - INFO - Ждем до 4-й секунды: 2024-11-10 21:35:04 (ожидание 4.59 секунд)
2024-11-11 02:35:04,000 - INFO - Начало цикла обработки данных: 2024-11-10 21:35:04
2024-11-11 02:35:04,000 - INFO - Запуск binance_connection.py без тайм-аута
2024-11-11 02:35:07,057 - INFO - Время выполнения binance_connection.py: 3.06 секунд
2024-11-11 02:35:07,057 - INFO - binance_connection.py завершен успешно.
2024-11-11 02:35:07,057 - INFO - Запуск indicators_for_periods.py без тайм-аута
2024-11-11 02:35:25,646 - INFO - Время выполнения indicators_for_periods.py: 18.59 секунд
2024-11-11 02:35:25,646 - INFO - indicators_for_periods.py завершен успешно.
2024-11-11 02:35:25,646 - INFO - Запуск data_processor.py без тайм-аута
2024-11-11 02:35:27,520 - INFO - Время выполнения data_processor.py: 1.87 секунд
2024-11-11 02:35:27,520 - INFO - data_processor.py завершен успешно.
2024-11-11 02:35:27,520 - INFO - Цикл обработки данных за 2024-11-10 21:35:04 завершен успешно.
2024-11-11 02:35:27,520 - INFO - Ожидание следующего запуска...
2024-11-11 02:35:27,521 - INFO - Ждем до 4-й секунды: 2024-11-10 21:36:04 (ожидание 36.48 секунд)
2024-11-11 02:36:04,000 - INFO - Начало цикла обработки данных: 2024-11-10 21:36:04
2024-11-11 02:36:04,000 - INFO - Запуск binance_connection.py без тайм-аута
2024-11-11 02:36:06,674 - INFO - Время выполнения binance_connection.py: 2.67 секунд
2024-11-11 02:36:06,674 - INFO - binance_connection.py завершен успешно.
2024-11-11 02:36:06,674 - INFO - Запуск indicators_for_periods.py без тайм-аута
2024-11-11 02:36:25,289 - INFO - Время выполнения indicators_for_periods.py: 18.62 секунд
2024-11-11 02:36:25,289 - INFO - indicators_for_periods.py завершен успешно.
2024-11-11 02:36:25,290 - INFO - Запуск data_processor.py без тайм-аута
2024-11-11 02:36:27,205 - INFO - Время выполнения data_processor.py: 1.92 секунд
2024-11-11 02:36:27,205 - INFO - data_processor.py завершен успешно.
2024-11-11 02:36:27,205 - INFO - Цикл обработки данных за 2024-11-10 21:36:04 завершен успешно.
2024-11-11 02:36:27,205 - INFO - Ожидание следующего запуска...
2024-11-11 02:36:27,205 - INFO - Ждем до 4-й секунды: 2024-11-10 21:37:04 (ожидание 36.79 секунд)
2024-11-11 02:37:04,000 - INFO - Начало цикла обработки данных: 2024-11-10 21:37:04
2024-11-11 02:37:04,000 - INFO - Запуск binance_connection.py без тайм-аута
2024-11-11 02:37:06,477 - INFO - Время выполнения binance_connection.py: 2.48 секунд
2024-11-11 02:37:06,477 - INFO - binance_connection.py завершен успешно.
2024-11-11 02:37:06,477 - INFO - Запуск indicators_for_periods.py без тайм-аута
2024-11-11 02:37:25,556 - INFO - Время выполнения indicators_for_periods.py: 19.08 секунд
2024-11-11 02:37:25,556 - INFO - indicators_for_periods.py завершен успешно.
2024-11-11 02:37:25,556 - INFO - Запуск data_processor.py без тайм-аута
2024-11-11 02:37:27,451 - INFO - Время выполнения data_processor.py: 1.90 секунд
2024-11-11 02:37:27,451 - INFO - data_processor.py завершен успешно.
2024-11-11 02:37:27,451 - INFO - Цикл обработки данных за 2024-11-10 21:37:04 завершен успешно.
2024-11-11 02:37:27,451 - INFO - Ожидание следующего запуска...
2024-11-11 02:37:27,451 - INFO - Ждем до 4-й секунды: 2024-11-10 21:38:04 (ожидание 36.55 секунд)
2024-11-11 02:38:04,000 - INFO - Начало цикла обработки данных: 2024-11-10 21:38:04
2024-11-11 02:38:04,000 - INFO - Запуск binance_connection.py без тайм-аута
2024-11-11 02:38:06,556 - INFO - Время выполнения binance_connection.py: 2.56 секунд
2024-11-11 02:38:06,556 - INFO - binance_connection.py завершен успешно.
2024-11-11 02:38:06,556 - INFO - Запуск indicators_for_periods.py без тайм-аута
2024-11-11 02:38:25,417 - INFO - Время выполнения indicators_for_periods.py: 18.86 секунд
2024-11-11 02:38:25,417 - INFO - indicators_for_periods.py завершен успешно.
2024-11-11 02:38:25,417 - INFO - Запуск data_processor.py без тайм-аута
2024-11-11 02:38:27,260 - INFO - Время выполнения data_processor.py: 1.84 секунд
2024-11-11 02:38:27,260 - INFO - data_processor.py завершен успешно.
2024-11-11 02:38:27,260 - INFO - Цикл обработки данных за 2024-11-10 21:38:04 завершен успешно.
2024-11-11 02:38:27,260 - INFO - Ожидание следующего запуска...
2024-11-11 02:38:27,260 - INFO - Ждем до 4-й секунды: 2024-11-10 21:39:04 (ожидание 36.74 секунд)
2024-11-11 02:39:04,000 - INFO - Начало цикла обработки данных: 2024-11-10 21:39:04
2024-11-11 02:39:04,000 - INFO - Запуск binance_connection.py без тайм-аута
2024-11-11 02:39:06,814 - INFO - Время выполнения binance_connection.py: 2.81 секунд
2024-11-11 02:39:06,814 - INFO - binance_connection.py завершен успешно.
2024-11-11 02:39:06,814 - INFO - Запуск indicators_for_periods.py без тайм-аута
2024-11-11 02:39:24,994 - INFO - Время выполнения indicators_for_periods.py: 18.18 секунд
2024-11-11 02:39:24,994 - INFO - indicators_for_periods.py завершен успешно.
2024-11-11 02:39:24,994 - INFO - Запуск data_processor.py без тайм-аута
2024-11-11 02:39:26,885 - INFO - Время выполнения data_processor.py: 1.89 секунд
2024-11-11 02:39:26,885 - INFO - data_processor.py завершен успешно.
2024-11-11 02:39:26,885 - INFO - Цикл обработки данных за 2024-11-10 21:39:04 завершен успешно.
2024-11-11 02:39:26,885 - INFO - Ожидание следующего запуска...
2024-11-11 02:39:26,885 - INFO - Ждем до 4-й секунды: 2024-11-10 21:40:04 (ожидание 37.11 секунд)
2024-11-11 02:40:04,000 - INFO - Начало цикла обработки данных: 2024-11-10 21:40:04
2024-11-11 02:40:04,000 - INFO - Запуск binance_connection.py без тайм-аута
2024-11-11 02:40:06,358 - INFO - Время выполнения binance_connection.py: 2.36 секунд
2024-11-11 02:40:06,358 - INFO - binance_connection.py завершен успешно.
2024-11-11 02:40:06,358 - INFO - Запуск indicators_for_periods.py без тайм-аута
2024-11-11 02:40:25,090 - INFO - Время выполнения indicators_for_periods.py: 18.73 секунд
2024-11-11 02:40:25,090 - INFO - indicators_for_periods.py завершен успешно.
2024-11-11 02:40:25,090 - INFO - Запуск data_processor.py без тайм-аута
2024-11-11 02:40:26,999 - INFO - Время выполнения data_processor.py: 1.91 секунд
2024-11-11 02:40:26,999 - INFO - data_processor.py завершен успешно.
2024-11-11 02:40:26,999 - INFO - Цикл обработки данных за 2024-11-10 21:40:04 завершен успешно.
2024-11-11 02:40:26,999 - INFO - Ожидание следующего запуска...
2024-11-11 02:40:27,000 - INFO - Ждем до 4-й секунды: 2024-11-10 21:41:04 (ожидание 37.00 секунд)
2024-11-11 02:41:04,000 - INFO - Начало цикла обработки данных: 2024-11-10 21:41:04
2024-11-11 02:41:04,000 - INFO - Запуск binance_connection.py без тайм-аута
2024-11-11 02:41:06,666 - INFO - Время выполнения binance_connection.py: 2.67 секунд
2024-11-11 02:41:06,666 - INFO - binance_connection.py завершен успешно.
2024-11-11 02:41:06,666 - INFO - Запуск indicators_for_periods.py без тайм-аута
2024-11-11 02:41:25,307 - INFO - Время выполнения indicators_for_periods.py: 18.64 секунд
2024-11-11 02:41:25,308 - INFO - indicators_for_periods.py завершен успешно.
2024-11-11 02:41:25,308 - INFO - Запуск data_processor.py без тайм-аута
2024-11-11 02:41:27,203 - INFO - Время выполнения data_processor.py: 1.89 секунд
2024-11-11 02:41:27,203 - INFO - data_processor.py завершен успешно.
2024-11-11 02:41:27,203 - INFO - Цикл обработки данных за 2024-11-10 21:41:04 завершен успешно.
2024-11-11 02:41:27,203 - INFO - Ожидание следующего запуска...
2024-11-11 02:41:27,203 - INFO - Ждем до 4-й секунды: 2024-11-10 21:42:04 (ожидание 36.80 секунд)
2024-11-11 02:42:04,000 - INFO - Начало цикла обработки данных: 2024-11-10 21:42:04
2024-11-11 02:42:04,000 - INFO - Запуск binance_connection.py без тайм-аута
2024-11-11 02:42:06,325 - INFO - Время выполнения binance_connection.py: 2.32 секунд
2024-11-11 02:42:06,325 - INFO - binance_connection.py завершен успешно.
2024-11-11 02:42:06,325 - INFO - Запуск indicators_for_periods.py без тайм-аута
2024-11-11 02:42:24,637 - INFO - Время выполнения indicators_for_periods.py: 18.31 секунд
2024-11-11 02:42:24,637 - INFO - indicators_for_periods.py завершен успешно.
2024-11-11 02:42:24,637 - INFO - Запуск data_processor.py без тайм-аута
2024-11-11 02:42:26,650 - INFO - Время выполнения data_processor.py: 2.01 секунд
2024-11-11 02:42:26,650 - INFO - data_processor.py завершен успешно.
2024-11-11 02:42:26,650 - INFO - Цикл обработки данных за 2024-11-10 21:42:04 завершен успешно.
2024-11-11 02:42:26,650 - INFO - Ожидание следующего запуска...
2024-11-11 02:42:26,650 - INFO - Ждем до 4-й секунды: 2024-11-10 21:43:04 (ожидание 37.35 секунд)
2024-11-11 02:43:04,001 - INFO - Начало цикла обработки данных: 2024-11-10 21:43:04
2024-11-11 02:43:04,001 - INFO - Запуск binance_connection.py без тайм-аута
2024-11-11 02:43:06,729 - INFO - Время выполнения binance_connection.py: 2.73 секунд
2024-11-11 02:43:06,729 - INFO - binance_connection.py завершен успешно.
2024-11-11 02:43:06,730 - INFO - Запуск indicators_for_periods.py без тайм-аута
2024-11-11 02:43:25,007 - INFO - Время выполнения indicators_for_periods.py: 18.28 секунд
2024-11-11 02:43:25,007 - INFO - indicators_for_periods.py завершен успешно.
2024-11-11 02:43:25,007 - INFO - Запуск data_processor.py без тайм-аута
2024-11-11 02:43:26,834 - INFO - Время выполнения data_processor.py: 1.83 секунд
2024-11-11 02:43:26,834 - INFO - data_processor.py завершен успешно.
2024-11-11 02:43:26,834 - INFO - Цикл обработки данных за 2024-11-10 21:43:04 завершен успешно.
2024-11-11 02:43:26,834 - INFO - Ожидание следующего запуска...
2024-11-11 02:43:26,834 - INFO - Ждем до 4-й секунды: 2024-11-10 21:44:04 (ожидание 37.17 секунд)
2024-11-11 02:44:04,000 - INFO - Начало цикла обработки данных: 2024-11-10 21:44:04
2024-11-11 02:44:04,000 - INFO - Запуск binance_connection.py без тайм-аута
2024-11-11 02:44:06,869 - INFO - Время выполнения binance_connection.py: 2.87 секунд
2024-11-11 02:44:06,869 - INFO - binance_connection.py завершен успешно.
2024-11-11 02:44:06,869 - INFO - Запуск indicators_for_periods.py без тайм-аута
2024-11-11 02:44:25,254 - INFO - Время выполнения indicators_for_periods.py: 18.39 секунд
2024-11-11 02:44:25,255 - INFO - indicators_for_periods.py завершен успешно.
2024-11-11 02:44:25,255 - INFO - Запуск data_processor.py без тайм-аута
2024-11-11 02:44:27,060 - INFO - Время выполнения data_processor.py: 1.81 секунд
2024-11-11 02:44:27,060 - INFO - data_processor.py завершен успешно.
2024-11-11 02:44:27,060 - INFO - Цикл обработки данных за 2024-11-10 21:44:04 завершен успешно.
2024-11-11 02:44:27,060 - INFO - Ожидание следующего запуска...
2024-11-11 02:44:27,060 - INFO - Ждем до 4-й секунды: 2024-11-10 21:45:04 (ожидание 36.94 секунд)
2024-11-11 02:45:04,000 - INFO - Начало цикла обработки данных: 2024-11-10 21:45:04
2024-11-11 02:45:04,000 - INFO - Запуск binance_connection.py без тайм-аута
2024-11-11 02:45:06,744 - INFO - Время выполнения binance_connection.py: 2.74 секунд
2024-11-11 02:45:06,744 - INFO - binance_connection.py завершен успешно.
2024-11-11 02:45:06,744 - INFO - Запуск indicators_for_periods.py без тайм-аута
2024-11-11 02:45:25,692 - INFO - Время выполнения indicators_for_periods.py: 18.95 секунд
2024-11-11 02:45:25,692 - INFO - indicators_for_periods.py завершен успешно.
2024-11-11 02:45:25,692 - INFO - Запуск data_processor.py без тайм-аута
2024-11-11 02:45:27,559 - INFO - Время выполнения data_processor.py: 1.87 секунд
2024-11-11 02:45:27,559 - INFO - data_processor.py завершен успешно.
2024-11-11 02:45:27,559 - INFO - Цикл обработки данных за 2024-11-10 21:45:04 завершен успешно.
2024-11-11 02:45:27,559 - INFO - Ожидание следующего запуска...
2024-11-11 02:45:27,559 - INFO - Ждем до 4-й секунды: 2024-11-10 21:46:04 (ожидание 36.44 секунд)
2024-11-11 02:46:04,000 - INFO - Начало цикла обработки данных: 2024-11-10 21:46:04
2024-11-11 02:46:04,000 - INFO - Запуск binance_connection.py без тайм-аута
2024-11-11 02:46:06,493 - INFO - Время выполнения binance_connection.py: 2.49 секунд
2024-11-11 02:46:06,493 - INFO - binance_connection.py завершен успешно.
2024-11-11 02:46:06,493 - INFO - Запуск indicators_for_periods.py без тайм-аута
2024-11-11 02:46:25,165 - INFO - Время выполнения indicators_for_periods.py: 18.67 секунд
2024-11-11 02:46:25,165 - INFO - indicators_for_periods.py завершен успешно.
2024-11-11 02:46:25,165 - INFO - Запуск data_processor.py без тайм-аута
2024-11-11 02:46:27,248 - INFO - Время выполнения data_processor.py: 2.08 секунд
2024-11-11 02:46:27,248 - INFO - data_processor.py завершен успешно.
2024-11-11 02:46:27,248 - INFO - Цикл обработки данных за 2024-11-10 21:46:04 завершен успешно.
2024-11-11 02:46:27,248 - INFO - Ожидание следующего запуска...
2024-11-11 02:46:27,248 - INFO - Ждем до 4-й секунды: 2024-11-10 21:47:04 (ожидание 36.75 секунд)
2024-11-11 02:47:04,000 - INFO - Начало цикла обработки данных: 2024-11-10 21:47:04
2024-11-11 02:47:04,000 - INFO - Запуск binance_connection.py без тайм-аута
2024-11-11 02:47:06,704 - INFO - Время выполнения binance_connection.py: 2.70 секунд
2024-11-11 02:47:06,704 - INFO - binance_connection.py завершен успешно.
2024-11-11 02:47:06,704 - INFO - Запуск indicators_for_periods.py без тайм-аута
2024-11-11 02:47:25,009 - INFO - Время выполнения indicators_for_periods.py: 18.31 секунд
2024-11-11 02:47:25,009 - INFO - indicators_for_periods.py завершен успешно.
2024-11-11 02:47:25,009 - INFO - Запуск data_processor.py без тайм-аута
2024-11-11 02:47:26,932 - INFO - Время выполнения data_processor.py: 1.92 секунд
2024-11-11 02:47:26,933 - INFO - data_processor.py завершен успешно.
2024-11-11 02:47:26,933 - INFO - Цикл обработки данных за 2024-11-10 21:47:04 завершен успешно.
2024-11-11 02:47:26,933 - INFO - Ожидание следующего запуска...
2024-11-11 02:47:26,933 - INFO - Ждем до 4-й секунды: 2024-11-10 21:48:04 (ожидание 37.07 секунд)
2024-11-11 02:48:04,000 - INFO - Начало цикла обработки данных: 2024-11-10 21:48:04
2024-11-11 02:48:04,000 - INFO - Запуск binance_connection.py без тайм-аута
2024-11-11 02:48:06,885 - INFO - Время выполнения binance_connection.py: 2.89 секунд
2024-11-11 02:48:06,885 - INFO - binance_connection.py завершен успешно.
2024-11-11 02:48:06,885 - INFO - Запуск indicators_for_periods.py без тайм-аута
2024-11-11 02:48:25,209 - INFO - Время выполнения indicators_for_periods.py: 18.32 секунд
2024-11-11 02:48:25,209 - INFO - indicators_for_periods.py завершен успешно.
2024-11-11 02:48:25,209 - INFO - Запуск data_processor.py без тайм-аута
2024-11-11 02:48:27,122 - INFO - Время выполнения data_processor.py: 1.91 секунд
2024-11-11 02:48:27,123 - INFO - data_processor.py завершен успешно.
2024-11-11 02:48:27,123 - INFO - Цикл обработки данных за 2024-11-10 21:48:04 завершен успешно.
2024-11-11 02:48:27,123 - INFO - Ожидание следующего запуска...
2024-11-11 02:48:27,123 - INFO - Ждем до 4-й секунды: 2024-11-10 21:49:04 (ожидание 36.88 секунд)
2024-11-11 02:49:04,000 - INFO - Начало цикла обработки данных: 2024-11-10 21:49:04
2024-11-11 02:49:04,000 - INFO - Запуск binance_connection.py без тайм-аута
2024-11-11 02:49:06,583 - INFO - Время выполнения binance_connection.py: 2.58 секунд
2024-11-11 02:49:06,583 - INFO - binance_connection.py завершен успешно.
2024-11-11 02:49:06,583 - INFO - Запуск indicators_for_periods.py без тайм-аута
2024-11-11 02:49:25,430 - INFO - Время выполнения indicators_for_periods.py: 18.85 секунд
2024-11-11 02:49:25,430 - INFO - indicators_for_periods.py завершен успешно.
2024-11-11 02:49:25,430 - INFO - Запуск data_processor.py без тайм-аута
2024-11-11 02:49:27,261 - INFO - Время выполнения data_processor.py: 1.83 секунд
2024-11-11 02:49:27,261 - INFO - data_processor.py завершен успешно.
2024-11-11 02:49:27,261 - INFO - Цикл обработки данных за 2024-11-10 21:49:04 завершен успешно.
2024-11-11 02:49:27,261 - INFO - Ожидание следующего запуска...
2024-11-11 02:49:27,261 - INFO - Ждем до 4-й секунды: 2024-11-10 21:50:04 (ожидание 36.74 секунд)
2024-11-11 02:50:04,001 - INFO - Начало цикла обработки данных: 2024-11-10 21:50:04
2024-11-11 02:50:04,001 - INFO - Запуск binance_connection.py без тайм-аута
2024-11-11 02:50:06,454 - INFO - Время выполнения binance_connection.py: 2.45 секунд
2024-11-11 02:50:06,454 - INFO - binance_connection.py завершен успешно.
2024-11-11 02:50:06,454 - INFO - Запуск indicators_for_periods.py без тайм-аута
2024-11-11 02:50:24,769 - INFO - Время выполнения indicators_for_periods.py: 18.32 секунд
2024-11-11 02:50:24,769 - INFO - indicators_for_periods.py завершен успешно.
2024-11-11 02:50:24,769 - INFO - Запуск data_processor.py без тайм-аута
2024-11-11 02:50:26,680 - INFO - Время выполнения data_processor.py: 1.91 секунд
2024-11-11 02:50:26,680 - INFO - data_processor.py завершен успешно.
2024-11-11 02:50:26,680 - INFO - Цикл обработки данных за 2024-11-10 21:50:04 завершен успешно.
2024-11-11 02:50:26,680 - INFO - Ожидание следующего запуска...
2024-11-11 02:50:26,680 - INFO - Ждем до 4-й секунды: 2024-11-10 21:51:04 (ожидание 37.32 секунд)
2024-11-11 02:51:04,000 - INFO - Начало цикла обработки данных: 2024-11-10 21:51:04
2024-11-11 02:51:04,000 - INFO - Запуск binance_connection.py без тайм-аута
2024-11-11 02:51:06,372 - INFO - Время выполнения binance_connection.py: 2.37 секунд
2024-11-11 02:51:06,372 - INFO - binance_connection.py завершен успешно.
2024-11-11 02:51:06,372 - INFO - Запуск indicators_for_periods.py без тайм-аута
2024-11-11 02:51:25,020 - INFO - Время выполнения indicators_for_periods.py: 18.65 секунд
2024-11-11 02:51:25,021 - INFO - indicators_for_periods.py завершен успешно.
2024-11-11 02:51:25,021 - INFO - Запуск data_processor.py без тайм-аута
2024-11-11 02:51:26,881 - INFO - Время выполнения data_processor.py: 1.86 секунд
2024-11-11 02:51:26,881 - INFO - data_processor.py завершен успешно.
2024-11-11 02:51:26,881 - INFO - Цикл обработки данных за 2024-11-10 21:51:04 завершен успешно.
2024-11-11 02:51:26,881 - INFO - Ожидание следующего запуска...
2024-11-11 02:51:26,882 - INFO - Ждем до 4-й секунды: 2024-11-10 21:52:04 (ожидание 37.12 секунд)
2024-11-11 02:52:04,000 - INFO - Начало цикла обработки данных: 2024-11-10 21:52:04
2024-11-11 02:52:04,000 - INFO - Запуск binance_connection.py без тайм-аута
2024-11-11 02:52:06,548 - INFO - Время выполнения binance_connection.py: 2.55 секунд
2024-11-11 02:52:06,549 - INFO - binance_connection.py завершен успешно.
2024-11-11 02:52:06,549 - INFO - Запуск indicators_for_periods.py без тайм-аута
2024-11-11 02:52:25,014 - INFO - Время выполнения indicators_for_periods.py: 18.47 секунд
2024-11-11 02:52:25,014 - INFO - indicators_for_periods.py завершен успешно.
2024-11-11 02:52:25,014 - INFO - Запуск data_processor.py без тайм-аута
2024-11-11 02:52:26,839 - INFO - Время выполнения data_processor.py: 1.83 секунд
2024-11-11 02:52:26,839 - INFO - data_processor.py завершен успешно.
2024-11-11 02:52:26,839 - INFO - Цикл обработки данных за 2024-11-10 21:52:04 завершен успешно.
2024-11-11 02:52:26,839 - INFO - Ожидание следующего запуска...
2024-11-11 02:52:26,839 - INFO - Ждем до 4-й секунды: 2024-11-10 21:53:04 (ожидание 37.16 секунд)
2024-11-11 02:53:04,000 - INFO - Начало цикла обработки данных: 2024-11-10 21:53:04
2024-11-11 02:53:04,000 - INFO - Запуск binance_connection.py без тайм-аута
2024-11-11 02:53:06,654 - INFO - Время выполнения binance_connection.py: 2.65 секунд
2024-11-11 02:53:06,655 - INFO - binance_connection.py завершен успешно.
2024-11-11 02:53:06,655 - INFO - Запуск indicators_for_periods.py без тайм-аута
2024-11-11 02:53:25,353 - INFO - Время выполнения indicators_for_periods.py: 18.70 секунд
2024-11-11 02:53:25,353 - INFO - indicators_for_periods.py завершен успешно.
2024-11-11 02:53:25,353 - INFO - Запуск data_processor.py без тайм-аута
2024-11-11 02:53:27,219 - INFO - Время выполнения data_processor.py: 1.87 секунд
2024-11-11 02:53:27,219 - INFO - data_processor.py завершен успешно.
2024-11-11 02:53:27,219 - INFO - Цикл обработки данных за 2024-11-10 21:53:04 завершен успешно.
2024-11-11 02:53:27,219 - INFO - Ожидание следующего запуска...
2024-11-11 02:53:27,220 - INFO - Ждем до 4-й секунды: 2024-11-10 21:54:04 (ожидание 36.78 секунд)
2024-11-11 02:54:04,000 - INFO - Начало цикла обработки данных: 2024-11-10 21:54:04
2024-11-11 02:54:04,000 - INFO - Запуск binance_connection.py без тайм-аута
2024-11-11 02:54:06,666 - INFO - Время выполнения binance_connection.py: 2.67 секунд
2024-11-11 02:54:06,666 - INFO - binance_connection.py завершен успешно.
2024-11-11 02:54:06,666 - INFO - Запуск indicators_for_periods.py без тайм-аута
2024-11-11 02:54:25,132 - INFO - Время выполнения indicators_for_periods.py: 18.47 секунд
2024-11-11 02:54:25,132 - INFO - indicators_for_periods.py завершен успешно.
2024-11-11 02:54:25,133 - INFO - Запуск data_processor.py без тайм-аута
2024-11-11 02:54:26,952 - INFO - Время выполнения data_processor.py: 1.82 секунд
2024-11-11 02:54:26,952 - INFO - data_processor.py завершен успешно.
2024-11-11 02:54:26,952 - INFO - Цикл обработки данных за 2024-11-10 21:54:04 завершен успешно.
2024-11-11 02:54:26,952 - INFO - Ожидание следующего запуска...
2024-11-11 02:54:26,952 - INFO - Ждем до 4-й секунды: 2024-11-10 21:55:04 (ожидание 37.05 секунд)
2024-11-11 02:55:04,001 - INFO - Начало цикла обработки данных: 2024-11-10 21:55:04
2024-11-11 02:55:04,001 - INFO - Запуск binance_connection.py без тайм-аута
2024-11-11 02:55:06,812 - INFO - Время выполнения binance_connection.py: 2.81 секунд
2024-11-11 02:55:06,812 - INFO - binance_connection.py завершен успешно.
2024-11-11 02:55:06,812 - INFO - Запуск indicators_for_periods.py без тайм-аута
2024-11-11 02:55:18,172 - INFO - Команда 'safe' получена. Остановка после завершения текущего цикла.
2024-11-11 02:55:24,925 - INFO - Время выполнения indicators_for_periods.py: 18.11 секунд
2024-11-11 02:55:24,925 - INFO - indicators_for_periods.py завершен успешно.
2024-11-11 02:55:24,925 - INFO - Запуск data_processor.py без тайм-аута
2024-11-11 02:55:26,803 - INFO - Время выполнения data_processor.py: 1.88 секунд
2024-11-11 02:55:26,803 - INFO - data_processor.py завершен успешно.
2024-11-11 02:55:26,803 - INFO - Цикл обработки данных за 2024-11-10 21:55:04 завершен успешно.
2024-11-11 02:55:26,803 - INFO - Процесс был остановлен пользователем после завершения текущего цикла.
2024-11-11 04:28:58,853 - INFO - Запуск основного скрипта для управления торговыми процессами...
2024-11-11 04:28:58,853 - INFO - Ждем до 4-й секунды: 2024-11-10 23:29:04 (ожидание 5.15 секунд)
2024-11-11 04:29:04,000 - INFO - Начало цикла обработки данных: 2024-11-10 23:29:04
2024-11-11 04:29:04,001 - INFO - Запуск binance_connection.py без тайм-аута
2024-11-11 04:29:06,468 - INFO - Время выполнения binance_connection.py: 2.47 секунд
2024-11-11 04:29:06,468 - INFO - binance_connection.py завершен успешно.
2024-11-11 04:29:06,468 - INFO - Запуск indicators_for_periods.py без тайм-аута
2024-11-11 04:29:24,559 - INFO - Время выполнения indicators_for_periods.py: 18.09 секунд
2024-11-11 04:29:24,559 - INFO - indicators_for_periods.py завершен успешно.
2024-11-11 04:29:24,559 - INFO - Запуск data_processor.py без тайм-аута
2024-11-11 04:29:26,437 - INFO - Время выполнения data_processor.py: 1.88 секунд
2024-11-11 04:29:26,437 - INFO - data_processor.py завершен успешно.
2024-11-11 04:29:26,437 - INFO - Цикл обработки данных за 2024-11-10 23:29:04 завершен успешно.
2024-11-11 04:29:26,437 - INFO - Ожидание следующего запуска...
2024-11-11 04:29:26,437 - INFO - Ждем до 4-й секунды: 2024-11-10 23:30:04 (ожидание 37.56 секунд)
2024-11-11 04:30:04,000 - INFO - Начало цикла обработки данных: 2024-11-10 23:30:04
2024-11-11 04:30:04,000 - INFO - Запуск binance_connection.py без тайм-аута
2024-11-11 04:30:06,788 - INFO - Время выполнения binance_connection.py: 2.79 секунд
2024-11-11 04:30:06,788 - INFO - binance_connection.py завершен успешно.
2024-11-11 04:30:06,788 - INFO - Запуск indicators_for_periods.py без тайм-аута
2024-11-11 04:30:24,746 - INFO - Время выполнения indicators_for_periods.py: 17.96 секунд
2024-11-11 04:30:24,746 - INFO - indicators_for_periods.py завершен успешно.
2024-11-11 04:30:24,746 - INFO - Запуск data_processor.py без тайм-аута
2024-11-11 04:30:26,640 - INFO - Время выполнения data_processor.py: 1.89 секунд
2024-11-11 04:30:26,640 - INFO - data_processor.py завершен успешно.
2024-11-11 04:30:26,640 - INFO - Цикл обработки данных за 2024-11-10 23:30:04 завершен успешно.
2024-11-11 04:30:26,640 - INFO - Ожидание следующего запуска...
2024-11-11 04:30:26,640 - INFO - Ждем до 4-й секунды: 2024-11-10 23:31:04 (ожидание 37.36 секунд)
2024-11-11 04:31:04,000 - INFO - Начало цикла обработки данных: 2024-11-10 23:31:04
2024-11-11 04:31:04,001 - INFO - Запуск binance_connection.py без тайм-аута
2024-11-11 04:31:06,663 - INFO - Время выполнения binance_connection.py: 2.66 секунд
2024-11-11 04:31:06,663 - INFO - binance_connection.py завершен успешно.
2024-11-11 04:31:06,663 - INFO - Запуск indicators_for_periods.py без тайм-аута
2024-11-11 04:31:24,981 - INFO - Время выполнения indicators_for_periods.py: 18.32 секунд
2024-11-11 04:31:24,982 - INFO - indicators_for_periods.py завершен успешно.
2024-11-11 04:31:24,982 - INFO - Запуск data_processor.py без тайм-аута
2024-11-11 04:31:26,863 - INFO - Время выполнения data_processor.py: 1.88 секунд
2024-11-11 04:31:26,863 - INFO - data_processor.py завершен успешно.
2024-11-11 04:31:26,863 - INFO - Цикл обработки данных за 2024-11-10 23:31:04 завершен успешно.
2024-11-11 04:31:26,863 - INFO - Ожидание следующего запуска...
2024-11-11 04:31:26,863 - INFO - Ждем до 4-й секунды: 2024-11-10 23:32:04 (ожидание 37.14 секунд)
2024-11-11 04:32:04,000 - INFO - Начало цикла обработки данных: 2024-11-10 23:32:04
2024-11-11 04:32:04,000 - INFO - Запуск binance_connection.py без тайм-аута
2024-11-11 04:32:06,787 - INFO - Время выполнения binance_connection.py: 2.79 секунд
2024-11-11 04:32:06,787 - INFO - binance_connection.py завершен успешно.
2024-11-11 04:32:06,787 - INFO - Запуск indicators_for_periods.py без тайм-аута
2024-11-11 04:32:25,142 - INFO - Время выполнения indicators_for_periods.py: 18.35 секунд
2024-11-11 04:32:25,142 - INFO - indicators_for_periods.py завершен успешно.
2024-11-11 04:32:25,142 - INFO - Запуск data_processor.py без тайм-аута
2024-11-11 04:32:26,974 - INFO - Время выполнения data_processor.py: 1.83 секунд
2024-11-11 04:32:26,974 - INFO - data_processor.py завершен успешно.
2024-11-11 04:32:26,974 - INFO - Цикл обработки данных за 2024-11-10 23:32:04 завершен успешно.
2024-11-11 04:32:26,974 - INFO - Ожидание следующего запуска...
2024-11-11 04:32:26,975 - INFO - Ждем до 4-й секунды: 2024-11-10 23:33:04 (ожидание 37.03 секунд)
2024-11-11 04:33:04,000 - INFO - Начало цикла обработки данных: 2024-11-10 23:33:04
2024-11-11 04:33:04,000 - INFO - Запуск binance_connection.py без тайм-аута
2024-11-11 04:33:06,684 - INFO - Время выполнения binance_connection.py: 2.68 секунд
2024-11-11 04:33:06,684 - INFO - binance_connection.py завершен успешно.
2024-11-11 04:33:06,684 - INFO - Запуск indicators_for_periods.py без тайм-аута
2024-11-11 04:33:25,280 - INFO - Время выполнения indicators_for_periods.py: 18.60 секунд
2024-11-11 04:33:25,280 - INFO - indicators_for_periods.py завершен успешно.
2024-11-11 04:33:25,281 - INFO - Запуск data_processor.py без тайм-аута
2024-11-11 04:33:27,195 - INFO - Время выполнения data_processor.py: 1.91 секунд
2024-11-11 04:33:27,195 - INFO - data_processor.py завершен успешно.
2024-11-11 04:33:27,195 - INFO - Цикл обработки данных за 2024-11-10 23:33:04 завершен успешно.
2024-11-11 04:33:27,195 - INFO - Ожидание следующего запуска...
2024-11-11 04:33:27,195 - INFO - Ждем до 4-й секунды: 2024-11-10 23:34:04 (ожидание 36.80 секунд)
2024-11-11 04:34:04,000 - INFO - Начало цикла обработки данных: 2024-11-10 23:34:04
2024-11-11 04:34:04,000 - INFO - Запуск binance_connection.py без тайм-аута
2024-11-11 04:34:06,591 - INFO - Время выполнения binance_connection.py: 2.59 секунд
2024-11-11 04:34:06,591 - INFO - binance_connection.py завершен успешно.
2024-11-11 04:34:06,591 - INFO - Запуск indicators_for_periods.py без тайм-аута
2024-11-11 04:34:24,601 - INFO - Время выполнения indicators_for_periods.py: 18.01 секунд
2024-11-11 04:34:24,601 - INFO - indicators_for_periods.py завершен успешно.
2024-11-11 04:34:24,601 - INFO - Запуск data_processor.py без тайм-аута
2024-11-11 04:34:26,481 - INFO - Время выполнения data_processor.py: 1.88 секунд
2024-11-11 04:34:26,481 - INFO - data_processor.py завершен успешно.
2024-11-11 04:34:26,481 - INFO - Цикл обработки данных за 2024-11-10 23:34:04 завершен успешно.
2024-11-11 04:34:26,481 - INFO - Ожидание следующего запуска...
2024-11-11 04:34:26,482 - INFO - Ждем до 4-й секунды: 2024-11-10 23:35:04 (ожидание 37.52 секунд)
2024-11-11 04:35:04,000 - INFO - Начало цикла обработки данных: 2024-11-10 23:35:04
2024-11-11 04:35:04,000 - INFO - Запуск binance_connection.py без тайм-аута
2024-11-11 04:35:06,698 - INFO - Время выполнения binance_connection.py: 2.70 секунд
2024-11-11 04:35:06,698 - INFO - binance_connection.py завершен успешно.
2024-11-11 04:35:06,698 - INFO - Запуск indicators_for_periods.py без тайм-аута
2024-11-11 04:35:24,815 - INFO - Время выполнения indicators_for_periods.py: 18.12 секунд
2024-11-11 04:35:24,815 - INFO - indicators_for_periods.py завершен успешно.
2024-11-11 04:35:24,815 - INFO - Запуск data_processor.py без тайм-аута
2024-11-11 04:35:26,847 - INFO - Время выполнения data_processor.py: 2.03 секунд
2024-11-11 04:35:26,848 - INFO - data_processor.py завершен успешно.
2024-11-11 04:35:26,848 - INFO - Цикл обработки данных за 2024-11-10 23:35:04 завершен успешно.
2024-11-11 04:35:26,848 - INFO - Ожидание следующего запуска...
2024-11-11 04:35:26,848 - INFO - Ждем до 4-й секунды: 2024-11-10 23:36:04 (ожидание 37.15 секунд)
2024-11-11 04:36:04,000 - INFO - Начало цикла обработки данных: 2024-11-10 23:36:04
2024-11-11 04:36:04,001 - INFO - Запуск binance_connection.py без тайм-аута
2024-11-11 04:36:07,435 - INFO - Время выполнения binance_connection.py: 3.43 секунд
2024-11-11 04:36:07,435 - INFO - binance_connection.py завершен успешно.
2024-11-11 04:36:07,435 - INFO - Запуск indicators_for_periods.py без тайм-аута
2024-11-11 04:36:18,521 - INFO - Команда 'safe' получена. Остановка после завершения текущего цикла.
2024-11-11 04:36:29,121 - INFO - Время выполнения indicators_for_periods.py: 21.69 секунд
2024-11-11 04:36:29,121 - INFO - indicators_for_periods.py завершен успешно.
2024-11-11 04:36:29,121 - INFO - Запуск data_processor.py без тайм-аута
2024-11-11 04:36:31,085 - INFO - Время выполнения data_processor.py: 1.96 секунд
2024-11-11 04:36:31,085 - INFO - data_processor.py завершен успешно.
2024-11-11 04:36:31,085 - INFO - Цикл обработки данных за 2024-11-10 23:36:04 завершен успешно.
2024-11-11 04:36:31,085 - INFO - Процесс был остановлен пользователем после завершения текущего цикла.
